#0 building with "desktop-linux" instance using docker driver

#1 [internal] load build definition from Dockerfile
#1 transferring dockerfile: 574B done
#1 DONE 0.0s

#2 [internal] load metadata for docker.io/library/ubuntu:16.04
#2 ...

#3 [auth] library/ubuntu:pull token for registry-1.docker.io
#3 DONE 0.0s

#2 [internal] load metadata for docker.io/library/ubuntu:16.04
#2 DONE 0.9s

#4 [internal] load .dockerignore
#4 transferring context: 2B done
#4 DONE 0.0s

#5 [1/7] FROM docker.io/library/ubuntu:16.04@sha256:1f1a2d56de1d604801a9671f301190704c25d604a416f59e03c04f5c6ffee0d6
#5 DONE 0.0s

#6 [5/7] RUN sed -i 's/PermitRootLogin prohibit-password/PermitRootLogin yes/' /etc/ssh/sshd_config
#6 CACHED

#7 [2/7] RUN apt-get update && apt-get install -y openssh-server && apt-get install -y sshpass
#7 CACHED

#8 [3/7] RUN mkdir /var/run/sshd
#8 CACHED

#9 [4/7] RUN echo 'root:root' | chpasswd
#9 CACHED

#10 [6/7] RUN sed 's@session\s*required\s*pam_loginuid.so@session optional pam_loginuid.so@g' -i /etc/pam.d/sshd
#10 CACHED

#11 [7/7] RUN echo "export VISIBLE=now" >> /etc/profile
#11 CACHED

#12 exporting to image
#12 exporting layers done
#12 writing image sha256:73ede71b6e39c73673671aa4bca856bc004a442b6ce16b8268eba4b2ba2ef2d2 done
#12 naming to docker.io/detlearsom/sshd done
#12 DONE 0.0s

View build details: docker-desktop://dashboard/build/desktop-linux/desktop-linux/q9hkg2ksjygy6d488mt7tw4ef

 [33m1 warning found (use docker --debug to expand):
[0m - LegacyKeyValueFormat: "ENV key=value" should be used instead of legacy "ENV key value" format (line 11)
