131: Pulling from linuxserver/syncthing
7a635e5f6dbf: Pulling fs layer
db29663d8663: Pulling fs layer
5419e3b18744: Pulling fs layer
de6301935e0e: Pulling fs layer
09f4f56b265e: Pulling fs layer
7e7cf2415e26: Pulling fs layer
de6301935e0e: Waiting
09f4f56b265e: Waiting
7e7cf2415e26: Waiting
5419e3b18744: Download complete
7a635e5f6dbf: Verifying Checksum
db29663d8663: Verifying Checksum
db29663d8663: Download complete
7a635e5f6dbf: Pull complete
de6301935e0e: Verifying Checksum
de6301935e0e: Download complete
7e7cf2415e26: Verifying Checksum
7e7cf2415e26: Download complete
db29663d8663: Pull complete
5419e3b18744: Pull complete
de6301935e0e: Pull complete
09f4f56b265e: Verifying Checksum
09f4f56b265e: Download complete
09f4f56b265e: Pull complete
7e7cf2415e26: Pull complete
Digest: sha256:50cef9910875d862fc250b982afd44b74abd8f10c308e28b365eb9f9f9678506
Status: Downloaded newer image for linuxserver/syncthing:131
docker.io/linuxserver/syncthing:131
