#0 building with "desktop-linux" instance using docker driver

#1 [internal] load build definition from Dockerfile
#1 transferring dockerfile: 474B done
#1 DONE 0.0s

#2 [internal] load metadata for docker.io/library/debian:bookworm-slim
#2 DONE 0.2s

#3 [internal] load .dockerignore
#3 transferring context: 2B done
#3 DONE 0.0s

#4 [1/3] FROM docker.io/library/debian:bookworm-slim@sha256:ad86386827b083b3d71139050b47ffb32bbd9559ea9b1345a739b14fec2d9ecf
#4 DONE 0.0s

#5 [internal] load build context
#5 transferring context: 35B done
#5 DONE 0.0s

#6 [2/3] RUN set -ex  && apt-get update  && DEBIAN_FRONTEND=noninteractive apt-get install -y      mpc  && apt-get clean  && rm -rf /var/lib/apt/lists/* /tmp/* /var/tmp/*  && useradd --uid 71723 -m mpc
#6 CACHED

#7 [3/3] COPY entrypoint.sh /entrypoint.sh
#7 CACHED

#8 exporting to image
#8 exporting layers done
#8 writing image sha256:ee4ba5cbcedac36b6d6dd743f255baf7149ae2290a57efed98af9ca35ed16a18 done
#8 naming to docker.io/detlearsom/mpc_cli done
#8 DONE 0.0s

View build details: docker-desktop://dashboard/build/desktop-linux/desktop-linux/lwf3vwahco1fcu7639ysiejc4
