Succeeded : 1 linuxserver/syncthing:131 : 7.99
Succeeded : 2 nginx:1.13.8-alpine : 2.55
Succeeded : 3 corentinaltepe/heirloom-mailx:latest : 2.14
Succeeded : 4 mysql:8.0.12 : 8.09
Succeeded : 5 httpd:2.4.34 : 2.02
Succeeded : 6 ubuntu:18.04 : 2.16
Succeeded : 7 docker-ffmpeg : 0.97
Succeeded : 8 docker-ftp-client : 1.01
Succeeded : 9 docker-heartbleed : 1.46
Succeeded : 10 docker-httpd : 0.17
Succeeded : 11 docker-mpc_cli : 0.34
Failed : 12 docker-mpd : 8.51
Succeeded : 13 docker-ntpd : 1.1
Succeeded : 14 docker-opentracker : 0.42
Succeeded : 15 docker-ping : 0.34
Succeeded : 16 docker-rapidreset : 0.96
Succeeded : 17 docker-sshd : 1.08
Succeeded : 18 docker-tcpdump : 0.37
Succeeded : 19 docker-tcpdump_trunc : 0.38
Succeeded : 20 docker-test : 0.56
Succeeded : 21 docker-torrent-host : 0.16
Failed : 22 docker-vsftpd : 1.66
Succeeded : 23 docker-wget : 0.4
Succeeded : 24 docker-wgetssl : 0.36
Total: 22/24