#0 building with "desktop-linux" instance using docker driver

#1 [internal] load build definition from Dockerfile
#1 transferring dockerfile: 373B done
#1 DONE 0.0s

#2 [internal] load metadata for docker.io/library/golang:1.22.1-alpine3.19
#2 ...

#3 [auth] library/golang:pull token for registry-1.docker.io
#3 DONE 0.0s

#2 [internal] load metadata for docker.io/library/golang:1.22.1-alpine3.19
#2 DONE 0.9s

#4 [internal] load .dockerignore
#4 transferring context: 2B done
#4 DONE 0.0s

#5 [1/9] FROM docker.io/library/golang:1.22.1-alpine3.19@sha256:0466223b8544fb7d4ff04748acc4d75a608234bf4e79563bff208d2060c0dd79
#5 DONE 0.0s

#6 [8/9] RUN go get golang.org/x/net/http2/hpack
#6 CACHED

#7 [4/9] RUN git clone https://github.com/secengjeff/rapidresetclient.git
#7 CACHED

#8 [2/9] RUN apk update && apk upgrade && apk add git
#8 CACHED

#9 [6/9] WORKDIR /usr/src/app/rapidresetclient
#9 CACHED

#10 [7/9] RUN go get golang.org/x/net/http2
#10 CACHED

#11 [3/9] WORKDIR /usr/src/app
#11 CACHED

#12 [5/9] RUN cd rapidresetclient
#12 CACHED

#13 [9/9] RUN go build -o rapidresetclient
#13 CACHED

#14 exporting to image
#14 exporting layers done
#14 writing image sha256:ad5c129993afcb0e014a6721f6f41da149d92d85dca0696421db7d7419e23896 done
#14 naming to docker.io/detlearsom/rapidreset done
#14 DONE 0.0s

View build details: docker-desktop://dashboard/build/desktop-linux/desktop-linux/m44blx3u391ki59lu60hbtw4g
