#0 building with "desktop-linux" instance using docker driver

#1 [internal] load build definition from Dockerfile
#1 transferring dockerfile: 248B done
#1 DONE 0.0s

#2 [internal] load metadata for docker.io/library/alpine:3.8
#2 DONE 0.2s

#3 [internal] load .dockerignore
#3 transferring context: 2B done
#3 DONE 0.0s

#4 [1/4] FROM docker.io/library/alpine:3.8@sha256:2bb501e6173d9d006e56de5bce2720eb06396803300fe1687b58a7ff32bf4c14
#4 DONE 0.0s

#5 [internal] load build context
#5 transferring context: 32B done
#5 DONE 0.0s

#6 [2/4] RUN apk add --no-cache tcpdump
#6 CACHED

#7 [3/4] COPY command.sh /usr/share/scripts/command.sh
#7 CACHED

#8 [4/4] RUN chmod +x /usr/share/scripts/command.sh
#8 CACHED

#9 exporting to image
#9 exporting layers done
#9 writing image sha256:1943ae387cd7f74e6f3b5046b5a1be73b39eaec88aa3c98c622da565746a4d91 done
#9 naming to docker.io/detlearsom/tcpdump_trunc done
#9 DONE 0.0s

View build details: docker-desktop://dashboard/build/desktop-linux/desktop-linux/oc1qcdky3aegkntssg2ydlan7
