#0 building with "desktop-linux" instance using docker driver

#1 [internal] load build definition from Dockerfile
#1 transferring dockerfile: 169B done
#1 DONE 0.0s

#2 [internal] load metadata for docker.io/library/debian:bookworm
#2 ...

#3 [auth] library/debian:pull token for registry-1.docker.io
#3 DONE 0.0s

#2 [internal] load metadata for docker.io/library/debian:bookworm
#2 DONE 1.3s

#4 [internal] load .dockerignore
#4 transferring context: 2B done
#4 DONE 0.0s

#5 [1/4] FROM docker.io/library/debian:bookworm@sha256:27586f4609433f2f49a9157405b473c62c3cb28a581c413393975b4e8496d0ab
#5 DONE 0.0s

#6 [2/4] RUN apt-get update && apt-get install -y ftp
#6 CACHED

#7 [3/4] RUN mkdir -p /usr/src/ftp
#7 CACHED

#8 [4/4] WORKDIR /usr/src/ftp
#8 CACHED

#9 exporting to image
#9 exporting layers done
#9 writing image sha256:01ea70d12e216dc386318c1440037a1464f1368af32726783892e795ca64861d done
#9 naming to docker.io/detlearsom/ftp-client done
#9 DONE 0.0s

View build details: docker-desktop://dashboard/build/desktop-linux/desktop-linux/vo4dikpomu75g4h9q72oiixvs
