#0 building with "desktop-linux" instance using docker driver

#1 [internal] load build definition from Dockerfile
#1 transferring dockerfile: 177B done
#1 DONE 0.0s

#2 [internal] load metadata for docker.io/library/alpine:3.8
#2 DONE 0.2s

#3 [internal] load .dockerignore
#3 transferring context: 2B done
#3 DONE 0.0s

#4 [1/2] FROM docker.io/library/alpine:3.8@sha256:2bb501e6173d9d006e56de5bce2720eb06396803300fe1687b58a7ff32bf4c14
#4 DONE 0.0s

#5 [internal] load build context
#5 transferring context: 26B done
#5 DONE 0.0s

#6 [2/2] COPY ping /
#6 CACHED

#7 exporting to image
#7 exporting layers done
#7 writing image sha256:cb55fae22d95f59f559e9b9e5c6771ffd13afe0d0677bd9d88c88ee59819fe61 done
#7 naming to docker.io/detlearsom/ping done
#7 DONE 0.0s

View build details: docker-desktop://dashboard/build/desktop-linux/desktop-linux/4wf96ugnuzqn9unnd7omumvjx
