#0 building with "desktop-linux" instance using docker driver

#1 [internal] load build definition from Dockerfile
#1 transferring dockerfile: 873B done
#1 WARN: MaintainerDeprecated: Maintainer instruction is deprecated in favor of using label (line 2)
#1 DONE 0.0s

#2 [internal] load metadata for docker.io/library/centos:7
#2 ...

#3 [auth] library/centos:pull token for registry-1.docker.io
#3 DONE 0.0s

#2 [internal] load metadata for docker.io/library/centos:7
#2 DONE 0.9s

#4 [internal] load .dockerignore
#4 transferring context: 2B done
#4 DONE 0.0s

#5 [1/9] FROM docker.io/library/centos:7@sha256:be65f488b7764ad3638f236b7b515b3678369a5124c47b8d32916d6487418ea4
#5 CACHED

#6 [internal] load build context
#6 transferring context: 100B done
#6 DONE 0.0s

#7 [2/9] RUN yum -y update && yum clean all
#7 0.436 Loaded plugins: fastestmirror, ovl
#7 0.543 Determining fastest mirrors
#7 0.818 Could not retrieve mirrorlist http://mirrorlist.centos.org/?release=7&arch=x86_64&repo=os&infra=container error was
#7 0.818 14: curl#6 - "Could not resolve host: mirrorlist.centos.org; Unknown error"
#7 0.823 
#7 0.823 
#7 0.823  One of the configured repositories failed (Unknown),
#7 0.823  and yum doesn't have enough cached data to continue. At this point the only
#7 0.823  safe thing yum can do is fail. There are a few ways to work "fix" this:
#7 0.823 
#7 0.823      1. Contact the upstream for the repository and get them to fix the problem.
#7 0.823 
#7 0.823      2. Reconfigure the baseurl/etc. for the repository, to point to a working
#7 0.823         upstream. This is most often useful if you are using a newer
#7 0.823         distribution release than is supported by the repository (and the
#7 0.823         packages for the previous distribution release still work).
#7 0.823 
#7 0.823      3. Run the command with the repository temporarily disabled
#7 0.823             yum --disablerepo=<repoid> ...
#7 0.823 
#7 0.823      4. Disable the repository permanently, so yum won't use it by default. Yum
#7 0.823         will then just ignore the repository until you permanently enable it
#7 0.823         again or use --enablerepo for temporary usage:
#7 0.823 
#7 0.823             yum-config-manager --disable <repoid>
#7 0.823         or
#7 0.823             subscription-manager repos --disable=<repoid>
#7 0.823 
#7 0.823      5. Configure the failing repository to be skipped, if it is unavailable.
#7 0.823         Note that yum will try to contact the repo. when it runs most commands,
#7 0.823         so will have to try and fail each time (and thus. yum will be be much
#7 0.823         slower). If it is a very temporary problem though, this is often a nice
#7 0.823         compromise:
#7 0.823 
#7 0.823             yum-config-manager --save --setopt=<repoid>.skip_if_unavailable=true
#7 0.823 
#7 0.823 Cannot find a valid baseurl for repo: base/7/x86_64
#7 ERROR: process "/bin/sh -c yum -y update && yum clean all" did not complete successfully: exit code: 1
------
 > [2/9] RUN yum -y update && yum clean all:
0.823 
0.823      5. Configure the failing repository to be skipped, if it is unavailable.
0.823         Note that yum will try to contact the repo. when it runs most commands,
0.823         so will have to try and fail each time (and thus. yum will be be much
0.823         slower). If it is a very temporary problem though, this is often a nice
0.823         compromise:
0.823 
0.823             yum-config-manager --save --setopt=<repoid>.skip_if_unavailable=true
0.823 
0.823 Cannot find a valid baseurl for repo: base/7/x86_64
------

 [33m7 warnings found (use docker --debug to expand):
[0m - LegacyKeyValueFormat: "ENV key=value" should be used instead of legacy "ENV key value" format (line 19)
 - MaintainerDeprecated: Maintainer instruction is deprecated in favor of using label (line 2)
 - LegacyKeyValueFormat: "ENV key=value" should be used instead of legacy "ENV key value" format (line 14)
 - LegacyKeyValueFormat: "ENV key=value" should be used instead of legacy "ENV key value" format (line 15)
 - LegacyKeyValueFormat: "ENV key=value" should be used instead of legacy "ENV key value" format (line 16)
 - LegacyKeyValueFormat: "ENV key=value" should be used instead of legacy "ENV key value" format (line 17)
 - LegacyKeyValueFormat: "ENV key=value" should be used instead of legacy "ENV key value" format (line 18)
Dockerfile:8
--------------------
   6 |     	Version="1.0"
   7 |     
   8 | >>> RUN yum -y update && yum clean all
   9 |     RUN yum install -y \
  10 |     	vsftpd \
--------------------
ERROR: failed to solve: process "/bin/sh -c yum -y update && yum clean all" did not complete successfully: exit code: 1

View build details: docker-desktop://dashboard/build/desktop-linux/desktop-linux/7h14xaxzub2zkfla37e635kpj
